<?xml version="1.0" encoding="UTF-8"?>
<!-- Generated by org.testng.reporters.JUnitXMLReporter -->
<testsuite hostname="ARIA" ignored="0" name="ChromeTest" tests="1" failures="0" timestamp="2020-03-04T13:41:56 IST" time="10.526" errors="0">
  <testcase name="@BeforeMethod beforeMethod" time="-1.58330951643E9" classname="testcases.testbrowser">
    <failure type="org.testng.TestNGException" message="
Parameter &amp;apos;usename&amp;apos; is required by BeforeMethod on method beforeMethod but has not been marked @Optional or defined
in D:\Sele Testing\SeleniumTesting\browser\test_strategy.xml">
      <![CDATA[org.testng.TestNGException: 
Parameter 'usename' is required by BeforeMethod on method beforeMethod but has not been marked @Optional or defined
in D:\Sele Testing\SeleniumTesting\browser\test_strategy.xml
at java.util.ArrayList.forEach(ArrayList.java:1257)
at java.util.concurrent.FutureTask.run(FutureTask.java:266)
at java.util.concurrent.ThreadPoolExecutor.runWorker(ThreadPoolExecutor.java:1149)
at java.util.concurrent.ThreadPoolExecutor$Worker.run(ThreadPoolExecutor.java:624)
at java.lang.Thread.run(Thread.java:748)
... Removed 19 stack frames]]>
    </failure>
  </testcase> <!-- @BeforeMethod beforeMethod -->
  <testcase name="@AfterClass afterClass" time="-1.583309516458E9" classname="testcases.testbrowser">
    <skipped/>
  </testcase> <!-- @AfterClass afterClass -->
  <testcase name="testCase" time="0.0" classname="testcases.testbrowser">
    <skipped/>
  </testcase> <!-- testCase -->
</testsuite> <!-- ChromeTest -->
